tammikuuta
helmikuuta
maaliskuuta
huhtikuuta
toukokuuta
kesäkuuta
heinäkuuta
elokuuta
syyskuuta
lokakuuta
marraskuuta
joulukuuta
tammikuuta
helmikuuta
maaliskuuta
huhtikuuta
toukokuuta
kesäkuuta
heinäkuuta
elokuuta
syyskuuta
lokakuuta
marraskuuta
joulukuuta
su
ma
ti
ke
to
pe
la
sunnuntaina
maanantaina
tiistaina
keskiviikkona
torstaina
perjantaina
lauantaina
%H:%M:%S
%d.%m.%Y
%a %e %b %X %Y
ap.
ip.
%a %e %b %Y %X %Z
tammikuuta
helmikuuta
maaliskuuta
huhtikuuta
toukokuuta
kesäkuuta
heinäkuuta
elokuuta
syyskuuta
lokakuuta
marraskuuta
joulukuuta
dm
%I.%M.%S %p
